-------------------------------------------------------------------------------
Test set: com.mkostsov.TinkoffStockService.StockApiApplicationTests
-------------------------------------------------------------------------------
Tests run: 1, Failures: 0, Errors: 1, Skipped: 0, Time elapsed: 0.003 s <<< FAILURE! - in com.mkostsov.TinkoffStockService.StockApiApplicationTests
com.mkostsov.TinkoffStockService.StockApiApplicationTests  Time elapsed: 0.003 s  <<< ERROR!
java.lang.IllegalStateException: Unable to find a @SpringBootConfiguration, you need to use @ContextConfiguration or @SpringBootTest(classes=...) with your test

