<?xml version="1.0" encoding="UTF-8"?>
<testsuite xmlns:xsi="http://www.w3.org/2001/XMLSchema-instance" xsi:noNamespaceSchemaLocation="https://maven.apache.org/surefire/maven-surefire-plugin/xsd/surefire-test-report.xsd" name="com.mkostsov.TinkoffStockService.StockApiApplicationTests" time="0.003" tests="1" errors="1" skipped="0" failures="0">
  <properties>
[...]
</properties>
  <testcase name="com.mkostsov.TinkoffStockService.StockApiApplicationTests" classname="com.mkostsov.TinkoffStockService.StockApiApplicationTests" time="0.003">
    <error message="Unable to find a @SpringBootConfiguration, you need to use @ContextConfiguration or @SpringBootTest(classes=...) with your test" type="java.lang.IllegalStateException">java.lang.IllegalStateException: Unable to find a @SpringBootConfiguration, you need to use @ContextConfiguration or @SpringBootTest(classes=...) with your test
</error>
    <system-out><![CDATA[2021-12-15 10:54:08.489  INFO 19748 --- [           main] .b.t.c.SpringBootTestContextBootstrapper : Neither @ContextConfiguration nor @ContextHierarchy found for test class [com.mkostsov.TinkoffStockService.StockApiApplicationTests], using SpringBootContextLoader
2021-12-15 10:54:08.490  INFO 19748 --- [           main] o.s.t.c.support.AbstractContextLoader    : Could not detect default resource locations for test class [com.mkostsov.TinkoffStockService.StockApiApplicationTests]: no resource found for suffixes {-context.xml, Context.groovy}.
2021-12-15 10:54:08.490  INFO 19748 --- [           main] t.c.s.AnnotationConfigContextLoaderUtils : Could not detect default configuration classes for test class [com.mkostsov.TinkoffStockService.StockApiApplicationTests]: StockApiApplicationTests does not declare any static, non-private, non-final, nested classes annotated with @Configuration.
]]></system-out>
  </testcase>
</testsuite>